<?xml version="1.0" encoding="UTF-8"?>
<!-- Generated by org.testng.reporters.JUnitReportReporter -->
<testsuite skipped="0" hostname="LAPTOP-6NAV24VU" name="Applebees.ApsMenuDisplayed" tests="1" failures="0" timestamp="20 Jul 2021 16:50:41 GMT" time="4.093" errors="0">
  <testcase name="menudisplayed" time="4.093" classname="Applebees.ApsMenuDisplayed"/>
</testsuite> <!-- Applebees.ApsMenuDisplayed -->
