<?xml version="1.0" encoding="UTF-8"?>
<!-- Generated by org.testng.reporters.JUnitReportReporter -->
<testsuite skipped="0" hostname="LAPTOP-6NAV24VU" name="Applebees.GiftcardsTest" tests="1" failures="0" timestamp="18 Jul 2021 09:35:19 GMT" time="9.422" errors="0">
  <testcase name="gcpage" time="9.422" classname="Applebees.GiftcardsTest"/>
</testsuite> <!-- Applebees.GiftcardsTest -->
