<?xml version="1.0" encoding="UTF-8"?>
<!-- Generated by org.testng.reporters.JUnitReportReporter -->
<testsuite skipped="0" hostname="LAPTOP-6NAV24VU" name="Applebees.GiftcardsTest" tests="1" failures="0" timestamp="10 Apr 2020 09:29:18 GMT" time="10.802" errors="0">
  <testcase name="gcpage" time="10.802" classname="Applebees.GiftcardsTest"/>
</testsuite> <!-- Applebees.GiftcardsTest -->
