<?xml version="1.0" encoding="UTF-8"?>
<!-- Generated by org.testng.reporters.JUnitReportReporter -->
<testsuite skipped="0" hostname="LAPTOP-6NAV24VU" name="Applebees.ApsMenuDisplayed" tests="1" failures="0" timestamp="18 Jul 2021 09:35:19 GMT" time="0.023" errors="0">
  <testcase name="menudisplayed" time="0.023" classname="Applebees.ApsMenuDisplayed"/>
</testsuite> <!-- Applebees.ApsMenuDisplayed -->
