<?xml version="1.0" encoding="UTF-8"?>
<!-- Generated by org.testng.reporters.JUnitReportReporter -->
<testsuite skipped="0" hostname="LAPTOP-6NAV24VU" name="Applebees.GiftcardsTest" tests="1" failures="0" timestamp="08 Apr 2020 04:01:38 GMT" time="7.550" errors="0">
  <testcase name="gcpage" time="7.550" classname="Applebees.GiftcardsTest"/>
</testsuite> <!-- Applebees.GiftcardsTest -->
