<?xml version="1.0" encoding="UTF-8"?>
<!-- Generated by org.testng.reporters.JUnitReportReporter -->
<testsuite skipped="0" hostname="LAPTOP-6NAV24VU" name="Applebees.NutritionandallergenTest" tests="1" failures="0" timestamp="20 Jul 2021 16:50:41 GMT" time="32.771" errors="0">
  <testcase name="cb1" time="32.771" classname="Applebees.NutritionandallergenTest"/>
</testsuite> <!-- Applebees.NutritionandallergenTest -->
