<?xml version="1.0" encoding="UTF-8"?>
<!-- Generated by org.testng.reporters.JUnitReportReporter -->
<testsuite skipped="0" hostname="LAPTOP-6NAV24VU" name="Applebees.ApsHomePageTest" tests="1" failures="0" timestamp="08 Apr 2020 04:46:37 GMT" time="40.101" errors="0">
  <testcase name="hp" time="40.101" classname="Applebees.ApsHomePageTest"/>
</testsuite> <!-- Applebees.ApsHomePageTest -->
