<?xml version="1.0" encoding="UTF-8"?>
<!-- Generated by org.testng.reporters.JUnitReportReporter -->
<testsuite skipped="0" hostname="LAPTOP-6NAV24VU" name="Applebees.ApsMenuDisplayed" tests="1" failures="0" timestamp="07 Apr 2020 08:14:15 GMT" time="0.059" errors="0">
  <testcase name="hp" time="0.059" classname="Applebees.ApsMenuDisplayed"/>
</testsuite> <!-- Applebees.ApsMenuDisplayed -->
