<?xml version="1.0" encoding="UTF-8"?>
<!-- Generated by org.testng.reporters.JUnitReportReporter -->
<testsuite skipped="0" hostname="LAPTOP-6NAV24VU" name="Applebees.GiftcardsTest" tests="1" failures="0" timestamp="07 Aug 2021 08:59:19 GMT" time="50.195" errors="0">
  <testcase name="gcpage" time="50.195" classname="Applebees.GiftcardsTest"/>
</testsuite> <!-- Applebees.GiftcardsTest -->
