<?xml version="1.0" encoding="UTF-8"?>
<!-- Generated by org.testng.reporters.JUnitReportReporter -->
<testsuite skipped="0" hostname="LAPTOP-6NAV24VU" name="Applebees.ApsHomePageTest" tests="1" failures="0" timestamp="10 Apr 2020 09:29:18 GMT" time="41.216" errors="0">
  <testcase name="hp" time="41.216" classname="Applebees.ApsHomePageTest"/>
</testsuite> <!-- Applebees.ApsHomePageTest -->
