<?xml version="1.0" encoding="UTF-8"?>
<!-- Generated by org.testng.reporters.JUnitReportReporter -->
<testsuite skipped="0" hostname="LAPTOP-6NAV24VU" name="Applebees.Nutritionandallergen" tests="1" failures="0" timestamp="11 Apr 2020 13:16:28 GMT" time="1.645" errors="0">
  <testcase name="cb" time="1.645" classname="Applebees.Nutritionandallergen"/>
</testsuite> <!-- Applebees.Nutritionandallergen -->
