<?xml version="1.0" encoding="UTF-8"?>
<!-- Generated by org.testng.reporters.JUnitReportReporter -->
<testsuite skipped="0" hostname="LAPTOP-6NAV24VU" name="Applebees.ApsHomePageTest" tests="4" failures="0" timestamp="06 Apr 2020 15:27:34 GMT" time="57.499" errors="0">
  <testcase name="hp" time="3.012" classname="Applebees.ApsHomePageTest"/>
  <testcase name="lp" time="12.787" classname="Applebees.ApsHomePageTest"/>
  <testcase name="mp" time="8.749" classname="Applebees.ApsHomePageTest"/>
  <testcase name="modpage" time="32.951" classname="Applebees.ApsHomePageTest"/>
</testsuite> <!-- Applebees.ApsHomePageTest -->
